<?xml version="1.0" encoding="UTF-8"?>
<testsuite xmlns:xsi="http://www.w3.org/2001/XMLSchema-instance" xsi:noNamespaceSchemaLocation="https://maven.apache.org/surefire/maven-surefire-plugin/xsd/surefire-test-report.xsd" name="testRunners.AmazonTest" time="0.337" tests="1" errors="1" skipped="0" failures="0">
  <properties>
[...]
</properties>
  <testcase name="initializationError" classname="testRunners.AmazonTest" time="0.051">
    <error message="path must exist: F:\vamshi\liveprojects\cucumberPractice\src\test\java\AppFeature" type="java.lang.IllegalArgumentException">java.lang.IllegalArgumentException: path must exist: F:\vamshi\liveprojects\cucumberPractice\src\test\java\AppFeature
</error>
  </testcase>
</testsuite>